<?xml version="1.0" encoding="UTF-8"?>
<!-- Generated by org.testng.reporters.JUnitReportReporter -->
<testsuite hostname="junnu" failures="0" tests="2" name="com.testng.demo.TestNgAnnotationsDemo2" time="0.006" errors="0" timestamp="2024-03-09T20:55:42 IST" skipped="0">
  <testcase classname="com.testng.demo.TestNgAnnotationsDemo2" name="tc1Demo2" time="0.005"/>
  <system-out/>
  <testcase classname="com.testng.demo.TestNgAnnotationsDemo2" name="tc2Demo2" time="0.001"/>
  <system-out/>
</testsuite> <!-- com.testng.demo.TestNgAnnotationsDemo2 -->
