<?xml version="1.0" encoding="UTF-8"?>
<!-- Generated by org.testng.reporters.JUnitReportReporter -->
<testsuite hostname="junnu" failures="0" tests="1" name="com.selenium.demo.SeleniumMethodsDemo9" time="16.962" errors="0" timestamp="2024-03-16T22:17:52 IST" skipped="0">
  <testcase classname="com.selenium.demo.SeleniumMethodsDemo9" name="secondTest" time="16.962"/>
  <system-out/>
</testsuite> <!-- com.selenium.demo.SeleniumMethodsDemo9 -->
