<?xml version="1.0" encoding="UTF-8"?>
<!-- Generated by org.testng.reporters.JUnitReportReporter -->
<testsuite hostname="junnu" failures="0" tests="1" name="com.selenium.demo.PDFDownload" time="0.221" errors="0" timestamp="2024-03-31T14:10:36 IST" skipped="0">
  <testcase classname="com.selenium.demo.PDFDownload" name="verifyTextFromPDF" time="0.221"/>
  <system-out/>
</testsuite> <!-- com.selenium.demo.PDFDownload -->
