<?xml version="1.0" encoding="UTF-8"?>
<!-- Generated by org.testng.reporters.JUnitReportReporter -->
<testsuite hostname="junnu" failures="0" tests="2" name="com.testng.demo.TestNgAnnotationsDemo3" time="0.002" errors="0" timestamp="2024-03-03T21:34:53 IST" skipped="0">
  <testcase classname="com.testng.demo.TestNgAnnotationsDemo3" name="tc2Demo3" time="0.001"/>
  <system-out/>
  <testcase classname="com.testng.demo.TestNgAnnotationsDemo3" name="tc1Demo3" time="0.001"/>
  <system-out/>
</testsuite> <!-- com.testng.demo.TestNgAnnotationsDemo3 -->
