<?xml version="1.0" encoding="UTF-8"?>
<!-- Generated by org.testng.reporters.JUnitReportReporter -->
<testsuite hostname="junnu" failures="0" tests="1" name="com.selenium.demo.PDFValidator" time="0.206" errors="0" timestamp="2024-03-31T14:11:51 IST" skipped="0">
  <testcase classname="com.selenium.demo.PDFValidator" name="verifyTextFromPDF" time="0.206"/>
  <system-out/>
</testsuite> <!-- com.selenium.demo.PDFValidator -->
