<?xml version="1.0" encoding="UTF-8"?>
<!-- Generated by org.testng.reporters.JUnitReportReporter -->
<testsuite hostname="junnu" failures="0" tests="1" name="com.testng.demo.TestNGDataProviderDemo" time="13.093" errors="0" timestamp="2024-03-02T23:40:31 IST" skipped="0">
  <testcase classname="com.testng.demo.TestNGDataProviderDemo" name="verifyAppLogin" time="13.093"/>
  <system-out/>
</testsuite> <!-- com.testng.demo.TestNGDataProviderDemo -->
