<?xml version="1.0" encoding="UTF-8"?>
<!-- Generated by org.testng.reporters.JUnitReportReporter -->
<testsuite hostname="junnu" failures="0" tests="1" name="com.selenium.demo.AlertsDemo14" time="9.858" errors="0" timestamp="2024-03-17T20:23:41 IST" skipped="0">
  <testcase classname="com.selenium.demo.AlertsDemo14" name="secondTest" time="9.858"/>
  <system-out/>
</testsuite> <!-- com.selenium.demo.AlertsDemo14 -->
