<?xml version="1.0" encoding="UTF-8"?>
<!-- Generated by org.testng.reporters.JUnitReportReporter -->
<testsuite hostname="junnu" failures="0" tests="1" name="com.selenium.demo.SeleniumMethodsDemo13" time="5.062" errors="0" timestamp="2024-03-23T20:30:21 IST" skipped="0">
  <testcase classname="com.selenium.demo.SeleniumMethodsDemo13" name="secondTest" time="5.062"/>
  <system-out/>
</testsuite> <!-- com.selenium.demo.SeleniumMethodsDemo13 -->
