<?xml version="1.0" encoding="UTF-8"?>
<!-- Generated by org.testng.reporters.JUnitReportReporter -->
<testsuite hostname="junnu" failures="0" tests="6" name="com.testng.demo.SpeakLanguagesTest" time="5.045" errors="0" timestamp="2024-03-02T21:29:41 IST" skipped="0">
  <testcase classname="com.testng.demo.SpeakLanguagesTest" name="signUpIntoApp" time="1.009"/>
  <system-out/>
  <testcase classname="com.testng.demo.SpeakLanguagesTest" name="invalidLoginCheck" time="1.009"/>
  <system-out/>
  <testcase classname="com.testng.demo.SpeakLanguagesTest" name="verifyAppTitle" time="1.014"/>
  <system-out/>
  <testcase classname="com.testng.demo.SpeakLanguagesTest" name="verifyAppFooterSection" time="1.006"/>
  <system-out/>
  <testcase classname="com.testng.demo.SpeakLanguagesTest" name="validLoginCheck" time="1.006"/>
  <system-out/>
  <testcase classname="com.testng.demo.SpeakLanguagesTest" name="verifyAppLogo" time="0.001"/>
  <system-out/>
</testsuite> <!-- com.testng.demo.SpeakLanguagesTest -->
