<?xml version="1.0" encoding="UTF-8"?>
<!-- Generated by org.testng.reporters.JUnitReportReporter -->
<testsuite hostname="junnu" failures="0" tests="1" name="com.selenium.demo.SeleniumMethodsDemo15" time="6.164" errors="0" timestamp="2024-03-23T20:16:56 IST" skipped="0">
  <testcase classname="com.selenium.demo.SeleniumMethodsDemo15" name="findElementsDemo" time="6.164"/>
  <system-out/>
</testsuite> <!-- com.selenium.demo.SeleniumMethodsDemo15 -->
