<?xml version="1.0" encoding="UTF-8"?>
<!-- Generated by org.testng.reporters.JUnitReportReporter -->
<testsuite hostname="junnu" failures="0" tests="1" name="com.testng.demo.TestNGAnnotationsDemo1" time="15.477" errors="0" timestamp="2024-03-09T22:21:31 IST" skipped="0">
  <testcase classname="com.testng.demo.TestNGAnnotationsDemo1" name="launchLoginPage" time="15.477"/>
  <system-out/>
</testsuite> <!-- com.testng.demo.TestNGAnnotationsDemo1 -->
