<?xml version="1.0" encoding="UTF-8"?>
<!-- Generated by org.testng.reporters.JUnitReportReporter -->
<testsuite hostname="junnu" failures="0" tests="1" name="com.selenium.demo.SeleniumMethodsDemo10" time="7.506" errors="0" timestamp="2024-03-16T22:28:28 IST" skipped="0">
  <testcase classname="com.selenium.demo.SeleniumMethodsDemo10" name="secondTest" time="7.506"/>
  <system-out/>
</testsuite> <!-- com.selenium.demo.SeleniumMethodsDemo10 -->
