<?xml version="1.0" encoding="UTF-8"?>
<!-- Generated by org.testng.reporters.JUnitReportReporter -->
<testsuite hostname="junnu" failures="0" tests="1" name="com.selenium.demo.SeleniumMethodsDemo1" time="122.348" errors="0" timestamp="2024-03-16T20:26:59 IST" skipped="0">
  <testcase classname="com.selenium.demo.SeleniumMethodsDemo1" name="firstTest" time="122.348"/>
  <system-out/>
</testsuite> <!-- com.selenium.demo.SeleniumMethodsDemo1 -->
