<?xml version="1.0" encoding="UTF-8"?>
<!-- Generated by org.testng.reporters.JUnitReportReporter -->
<testsuite hostname="junnu" failures="0" tests="1" name="com.app.tests.ApplicationTests" time="15.294" errors="0" timestamp="2024-03-24T20:31:47 IST" skipped="0">
  <testcase classname="com.app.tests.ApplicationTests" name="verifySignup" time="15.294"/>
  <system-out/>
</testsuite> <!-- com.app.tests.ApplicationTests -->
