<?xml version="1.0" encoding="UTF-8"?>
<!-- Generated by org.testng.reporters.JUnitReportReporter -->
<testsuite hostname="junnu" failures="0" tests="3" name="com.app.tests.ApplicationTests" time="15.100" errors="0" timestamp="2024-03-23T21:44:17 IST" skipped="0">
  <testcase classname="com.app.tests.ApplicationTests" name="verifyHomePage" time="4.692"/>
  <system-out/>
  <testcase classname="com.app.tests.ApplicationTests" name="verifySignup" time="4.765"/>
  <system-out/>
  <testcase classname="com.app.tests.ApplicationTests" name="verifyAppLogin" time="5.643"/>
  <system-out/>
</testsuite> <!-- com.app.tests.ApplicationTests -->
