<?xml version="1.0" encoding="UTF-8"?>
<!-- Generated by org.testng.reporters.JUnitReportReporter -->
<testsuite hostname="junnu" failures="0" tests="1" name="com.selenium.demo.SeleniumMethodsDemo12" time="12.373" errors="0" timestamp="2024-03-17T20:04:34 IST" skipped="0">
  <testcase classname="com.selenium.demo.SeleniumMethodsDemo12" name="secondTest" time="12.373"/>
  <system-out/>
</testsuite> <!-- com.selenium.demo.SeleniumMethodsDemo12 -->
