<?xml version="1.0" encoding="UTF-8"?>
<!-- Generated by org.testng.reporters.JUnitReportReporter -->
<testsuite hostname="junnu" failures="0" tests="2" name="com.testng.demo.TestNGAnnotationsDemo1" time="37.887" errors="0" timestamp="2024-03-09T21:13:11 IST" skipped="0">
  <testcase classname="com.testng.demo.TestNGAnnotationsDemo1" name="launchLoginPage" time="21.490"/>
  <system-out/>
  <testcase classname="com.testng.demo.TestNGAnnotationsDemo1" name="launchSignupPage" time="16.397"/>
  <system-out/>
</testsuite> <!-- com.testng.demo.TestNGAnnotationsDemo1 -->
