<?xml version="1.0" encoding="UTF-8"?>
<!-- Generated by org.testng.reporters.JUnitReportReporter -->
<testsuite hostname="junnu" failures="0" tests="1" name="com.testng.demo.CrossBrowserWithParams" time="8.616" errors="0" timestamp="2024-03-02T23:05:58 IST" skipped="0">
  <testcase classname="com.testng.demo.CrossBrowserWithParams" name="launchApp" time="8.616"/>
  <system-out/>
</testsuite> <!-- com.testng.demo.CrossBrowserWithParams -->
