<?xml version="1.0" encoding="UTF-8"?>
<!-- Generated by org.testng.reporters.JUnitReportReporter -->
<testsuite hostname="junnu" failures="0" tests="2" name="com.testng.demo.FacebookTest" time="0.007" errors="0" timestamp="2024-02-25T22:01:27 IST" skipped="1">
  <testcase classname="com.testng.demo.FacebookTest" name="facebookValidLoginCheck" time="0.007"/>
  <system-out/>
  <testcase classname="com.testng.demo.FacebookTest" name="facebookInValidLoginCheck">
    <skipped/>
  </testcase> <!-- facebookInValidLoginCheck -->
  <system-out/>
</testsuite> <!-- com.testng.demo.FacebookTest -->
