<?xml version="1.0" encoding="UTF-8"?>
<!-- Generated by org.testng.reporters.JUnitReportReporter -->
<testsuite hostname="junnu" failures="0" tests="1" name="com.selenium.demo.SeleniumMethodsDemo6" time="69.821" errors="0" timestamp="2024-03-16T21:43:27 IST" skipped="0">
  <testcase classname="com.selenium.demo.SeleniumMethodsDemo6" name="secondTest" time="69.821"/>
  <system-out/>
</testsuite> <!-- com.selenium.demo.SeleniumMethodsDemo6 -->
