<?xml version="1.0" encoding="UTF-8"?>
<!-- Generated by org.testng.reporters.JUnitReportReporter -->
<testsuite hostname="junnu" failures="0" tests="2" name="com.testng.demo.TestNgDemo" time="0.010" errors="0" timestamp="2024-02-25T21:23:13 IST" skipped="0">
  <testcase classname="com.testng.demo.TestNgDemo" name="gmailInValidLoginCheck" time="0.009"/>
  <system-out/>
  <testcase classname="com.testng.demo.TestNgDemo" name="gmailValidLoginCheck" time="0.001"/>
  <system-out/>
</testsuite> <!-- com.testng.demo.TestNgDemo -->
