<?xml version="1.0" encoding="UTF-8"?>
<!-- Generated by org.testng.reporters.JUnitReportReporter -->
<testsuite hostname="junnu" failures="0" tests="2" name="com.testng.demo.FacebookTest" time="2.018" errors="0" timestamp="2024-03-02T21:29:41 IST" skipped="0">
  <testcase classname="com.testng.demo.FacebookTest" name="facebookAppLogoCheck" time="1.004"/>
  <system-out/>
  <testcase classname="com.testng.demo.FacebookTest" name="facebookInValidLoginCheck" time="1.014"/>
  <system-out/>
</testsuite> <!-- com.testng.demo.FacebookTest -->
