<?xml version="1.0" encoding="UTF-8"?>
<!-- Generated by org.testng.reporters.JUnitReportReporter -->
<testsuite hostname="junnu" failures="0" tests="1" name="com.selenium.demo.SeleniumMethodsDemo5" time="14.893" errors="0" timestamp="2024-03-16T21:54:11 IST" skipped="0">
  <testcase classname="com.selenium.demo.SeleniumMethodsDemo5" name="secondTest" time="14.893"/>
  <system-out/>
</testsuite> <!-- com.selenium.demo.SeleniumMethodsDemo5 -->
