<?xml version="1.0" encoding="UTF-8"?>
<!-- Generated by org.testng.reporters.JUnitReportReporter -->
<testsuite hostname="junnu" failures="0" tests="3" name="com.app.tests.ApplicationTests" time="46.149" errors="0" timestamp="2024-03-24T21:19:56 IST" skipped="0">
  <testcase classname="com.app.tests.ApplicationTests" name="verifySignup" time="15.633"/>
  <system-out/>
  <testcase classname="com.app.tests.ApplicationTests" name="verifySignup" time="15.954"/>
  <system-out/>
  <testcase classname="com.app.tests.ApplicationTests" name="verifySignup" time="14.562"/>
  <system-out/>
</testsuite> <!-- com.app.tests.ApplicationTests -->
