<?xml version="1.0" encoding="UTF-8"?>
<!-- Generated by org.testng.reporters.JUnitReportReporter -->
<testsuite hostname="junnu" failures="0" tests="1" name="com.selenium.demo.SeleniumDemo1" time="7.982" errors="0" timestamp="2024-03-16T20:14:29 IST" skipped="0">
  <testcase classname="com.selenium.demo.SeleniumDemo1" name="launchLoginPage" time="7.982"/>
  <system-out/>
</testsuite> <!-- com.selenium.demo.SeleniumDemo1 -->
