<?xml version="1.0" encoding="UTF-8"?>
<!-- Generated by org.testng.reporters.JUnitReportReporter -->
<testsuite hostname="junnu" failures="0" tests="2" name="com.testng.demo.GmailTest" time="9.507" errors="0" timestamp="2024-03-02T22:45:06 IST" skipped="0">
  <testcase classname="com.testng.demo.GmailTest" name="launchAppInChrome" time="4.821"/>
  <system-out/>
  <testcase classname="com.testng.demo.GmailTest" name="launchAppInEdge" time="4.686"/>
  <system-out/>
</testsuite> <!-- com.testng.demo.GmailTest -->
