<?xml version="1.0" encoding="UTF-8"?>
<!-- Generated by org.testng.reporters.JUnitReportReporter -->
<testsuite hostname="junnu" failures="0" tests="1" name="com.selenium.demo.SeleniumMethodsDemo11" time="10.436" errors="0" timestamp="2024-03-16T22:33:11 IST" skipped="0">
  <testcase classname="com.selenium.demo.SeleniumMethodsDemo11" name="secondTest" time="10.436"/>
  <system-out/>
</testsuite> <!-- com.selenium.demo.SeleniumMethodsDemo11 -->
