<?xml version="1.0" encoding="UTF-8"?>
<!-- Generated by org.testng.reporters.JUnitReportReporter -->
<testsuite hostname="junnu" failures="0" tests="2" name="com.testng.demo.GmailTest" time="0.008" errors="0" timestamp="2024-02-25T22:01:37 IST" skipped="1">
  <testcase classname="com.testng.demo.GmailTest" name="gmailInValidLoginCheck" time="0.008"/>
  <system-out/>
  <testcase classname="com.testng.demo.GmailTest" name="gmailValidLoginCheck">
    <skipped/>
  </testcase> <!-- gmailValidLoginCheck -->
  <system-out/>
</testsuite> <!-- com.testng.demo.GmailTest -->
