<?xml version="1.0" encoding="UTF-8"?>
<!-- Generated by org.testng.reporters.JUnitReportReporter -->
<testsuite hostname="junnu" failures="0" tests="1" name="com.selenium.demo.SeleniumMethodsDemo3" time="28.943" errors="0" timestamp="2024-03-16T21:24:05 IST" skipped="0">
  <testcase classname="com.selenium.demo.SeleniumMethodsDemo3" name="secondTest" time="28.943"/>
  <system-out/>
</testsuite> <!-- com.selenium.demo.SeleniumMethodsDemo3 -->
